[    0.000000] Initializing cgroup subsys cpuset
[    0.000000] Initializing cgroup subsys cpu
[    0.000000] Initializing cgroup subsys cpuacct
[    0.000000] Linux version 4.4.0-177-generic (buildd@lgw01-amd64-035) (gcc version 5.4.0 20160609 (Ubuntu 5.4.0-6ubuntu1~16.04.12) ) #207-Ubuntu SMP Mon Mar 16 01:16:10 UTC 2020 (Ubuntu 4.4.0-177.207-generic 4.4.214)
[    0.000000] Command line: BOOT_IMAGE=/boot/vmlinuz-4.4.0-177-generic root=LABEL=cloudimg-rootfs ro console=tty1 console=ttyS0
[    0.000000] KERNEL supported cpus:
[    0.000000]   Intel GenuineIntel
[    0.000000]   AMD AuthenticAMD
[    0.000000]   Centaur CentaurHauls
[    0.000000] x86/fpu: xstate_offset[2]:  576, xstate_sizes[2]:  256
[    0.000000] x86/fpu: Supporting XSAVE feature 0x01: 'x87 floating point registers'
[    0.000000] x86/fpu: Supporting XSAVE feature 0x02: 'SSE registers'
[    0.000000] x86/fpu: Supporting XSAVE feature 0x04: 'AVX registers'
[    0.000000] x86/fpu: Enabled xstate features 0x7, context size is 832 bytes, using 'standard' format.
[    0.000000] e820: BIOS-provided physical RAM map:
[    0.000000] BIOS-e820: [mem 0x0000000000000000-0x000000000009fbff] usable
[    0.000000] BIOS-e820: [mem 0x000000000009fc00-0x000000000009ffff] reserved
[    0.000000] BIOS-e820: [mem 0x00000000000f0000-0x00000000000fffff] reserved
[    0.000000] BIOS-e820: [mem 0x0000000000100000-0x000000003ffeffff] usable
[    0.000000] BIOS-e820: [mem 0x000000003fff0000-0x000000003fffffff] ACPI data
[    0.000000] BIOS-e820: [mem 0x00000000fec00000-0x00000000fec00fff] reserved
[    0.000000] BIOS-e820: [mem 0x00000000fee00000-0x00000000fee00fff] reserved
[    0.000000] BIOS-e820: [mem 0x00000000fffc0000-0x00000000ffffffff] reserved
[    0.000000] NX (Execute Disable) protection: active
[    0.000000] SMBIOS 2.5 present.
[    0.000000] Hypervisor detected: KVM
[    0.000000] e820: last_pfn = 0x3fff0 max_arch_pfn = 0x400000000
[    0.000000] MTRR: Disabled
[    0.000000] x86/PAT: MTRRs disabled, skipping PAT initialization too.
[    0.000000] CPU MTRRs all blank - virtualized system.
[    0.000000] x86/PAT: Configuration [0-7]: WB  WT  UC- UC  WB  WT  UC- UC  
[    0.000000] found SMP MP-table at [mem 0x0009fff0-0x0009ffff] mapped at [ffff88000009fff0]
[    0.000000] Scanning 1 areas for low memory corruption
[    0.000000] RAMDISK: [mem 0x362e4000-0x37169fff]
[    0.000000] ACPI: Early table checksum verification disabled
[    0.000000] ACPI: RSDP 0x00000000000E0000 000024 (v02 VBOX  )
[    0.000000] ACPI: XSDT 0x000000003FFF0030 00003C (v01 VBOX   VBOXXSDT 00000001 ASL  00000061)
[    0.000000] ACPI: FACP 0x000000003FFF00F0 0000F4 (v04 VBOX   VBOXFACP 00000001 ASL  00000061)
[    0.000000] ACPI: DSDT 0x000000003FFF0470 002325 (v02 VBOX   VBOXBIOS 00000002 INTL 20100528)
[    0.000000] ACPI: FACS 0x000000003FFF0200 000040
[    0.000000] ACPI: FACS 0x000000003FFF0200 000040
[    0.000000] ACPI: APIC 0x000000003FFF0240 00005C (v02 VBOX   VBOXAPIC 00000001 ASL  00000061)
[    0.000000] ACPI: SSDT 0x000000003FFF02A0 0001CC (v01 VBOX   VBOXCPUT 00000002 INTL 20100528)
[    0.000000] No NUMA configuration found
[    0.000000] Faking a node at [mem 0x0000000000000000-0x000000003ffeffff]
[    0.000000] NODE_DATA(0) allocated [mem 0x3ffeb000-0x3ffeffff]
[    0.000000] kvm-clock: Using msrs 4b564d01 and 4b564d00
[    0.000000] kvm-clock: cpu 0, msr 0:3ffe3001, primary cpu clock
[    0.000000] kvm-clock: using sched offset of 4034366294 cycles
[    0.000000] clocksource: kvm-clock: mask: 0xffffffffffffffff max_cycles: 0x1cd42e4dffb, max_idle_ns: 881590591483 ns
[    0.000000] Zone ranges:
[    0.000000]   DMA      [mem 0x0000000000001000-0x0000000000ffffff]
[    0.000000]   DMA32    [mem 0x0000000001000000-0x000000003ffeffff]
[    0.000000]   Normal   empty
[    0.000000]   Device   empty
[    0.000000] Movable zone start for each node
[    0.000000] Early memory node ranges
[    0.000000]   node   0: [mem 0x0000000000001000-0x000000000009efff]
[    0.000000]   node   0: [mem 0x0000000000100000-0x000000003ffeffff]
[    0.000000] Initmem setup node 0 [mem 0x0000000000001000-0x000000003ffeffff]
[    0.000000] ACPI: PM-Timer IO Port: 0x4008
[    0.000000] IOAPIC[0]: apic_id 2, version 32, address 0xfec00000, GSI 0-23
[    0.000000] ACPI: INT_SRC_OVR (bus 0 bus_irq 0 global_irq 2 dfl dfl)
[    0.000000] ACPI: INT_SRC_OVR (bus 0 bus_irq 9 global_irq 9 low level)
[    0.000000] Using ACPI (MADT) for SMP configuration information
[    0.000000] smpboot: Allowing 2 CPUs, 0 hotplug CPUs
[    0.000000] PM: Registered nosave memory: [mem 0x00000000-0x00000fff]
[    0.000000] PM: Registered nosave memory: [mem 0x0009f000-0x0009ffff]
[    0.000000] PM: Registered nosave memory: [mem 0x000a0000-0x000effff]
[    0.000000] PM: Registered nosave memory: [mem 0x000f0000-0x000fffff]
[    0.000000] e820: [mem 0x40000000-0xfebfffff] available for PCI devices
[    0.000000] Booting paravirtualized kernel on KVM
[    0.000000] clocksource: refined-jiffies: mask: 0xffffffff max_cycles: 0xffffffff, max_idle_ns: 7645519600211568 ns
[    0.000000] setup_percpu: NR_CPUS:512 nr_cpumask_bits:512 nr_cpu_ids:2 nr_node_ids:1
[    0.000000] PERCPU: Embedded 33 pages/cpu @ffff88003fc00000 s95448 r8192 d31528 u1048576
[    0.000000] Built 1 zonelists in Node order, mobility grouping on.  Total pages: 257912
[    0.000000] Policy zone: DMA32
[    0.000000] Kernel command line: BOOT_IMAGE=/boot/vmlinuz-4.4.0-177-generic root=LABEL=cloudimg-rootfs ro console=tty1 console=ttyS0
[    0.000000] PID hash table entries: 4096 (order: 3, 32768 bytes)
[    0.000000] Memory: 997680K/1048120K available (8626K kernel code, 1336K rwdata, 4036K rodata, 1488K init, 1292K bss, 50440K reserved, 0K cma-reserved)
[    0.000000] SLUB: HWalign=64, Order=0-3, MinObjects=0, CPUs=2, Nodes=1
[    0.000000] Kernel/User page tables isolation: enabled
[    0.000000] Hierarchical RCU implementation.
[    0.000000] 	Build-time adjustment of leaf fanout to 64.
[    0.000000] 	RCU restricting CPUs from NR_CPUS=512 to nr_cpu_ids=2.
[    0.000000] RCU: Adjusting geometry for rcu_fanout_leaf=64, nr_cpu_ids=2
[    0.000000] NR_IRQS:33024 nr_irqs:440 16
[    0.000000] Console: colour VGA+ 80x25
[    0.000000] console [tty1] enabled
[    0.000000] console [ttyS0] enabled
[    0.000000] tsc: Detected 1992.001 MHz processor
[    0.259718] Calibrating delay loop (skipped) preset value.. 3984.00 BogoMIPS (lpj=7968004)
[    0.262046] pid_max: default: 32768 minimum: 301
[    0.263451] ACPI: Core revision 20150930
[    0.265633] ACPI: 2 ACPI AML tables successfully acquired and loaded
[    0.267540] Security Framework initialized
[    0.268611] Yama: becoming mindful.
[    0.269689] AppArmor: AppArmor initialized
[    0.271087] Dentry cache hash table entries: 131072 (order: 8, 1048576 bytes)
[    0.274546] Inode-cache hash table entries: 65536 (order: 7, 524288 bytes)
[    0.276293] Mount-cache hash table entries: 2048 (order: 2, 16384 bytes)
[    0.277854] Mountpoint-cache hash table entries: 2048 (order: 2, 16384 bytes)
[    0.279817] Initializing cgroup subsys io
[    0.280942] Initializing cgroup subsys memory
[    0.282118] Initializing cgroup subsys devices
[    0.283435] Initializing cgroup subsys freezer
[    0.284633] Initializing cgroup subsys net_cls
[    0.285830] Initializing cgroup subsys perf_event
[    0.287060] Initializing cgroup subsys net_prio
[    0.288335] Initializing cgroup subsys hugetlb
[    0.289694] Initializing cgroup subsys pids
[    0.293098] mce: CPU supports 0 MCE banks
[    0.294582] Last level iTLB entries: 4KB 64, 2MB 8, 4MB 8
[    0.296426] Last level dTLB entries: 4KB 64, 2MB 0, 4MB 0, 1GB 4
[    0.298064] Spectre V1 : Mitigation: usercopy/swapgs barriers and __user pointer sanitization
[    0.300725] Spectre V2 : Mitigation: Full generic retpoline
[    0.302482] Spectre V2 : Spectre v2 / SpectreRSB mitigation: Filling RSB on context switch
[    0.305087] Speculative Store Bypass: Vulnerable
[    0.306798] MDS: Mitigation: Clear CPU buffers
[    0.314273] Freeing SMP alternatives memory: 36K
[    0.325976] ftrace: allocating 32304 entries in 127 pages
[    0.447562] smpboot: APIC(0) Converting physical 0 to logical package 0
[    0.450031] smpboot: Max logical packages: 1
[    0.452506] x2apic enabled
[    0.454299] Switched APIC routing to physical x2apic.
[    0.458730] ..TIMER: vector=0x30 apic1=0 pin1=2 apic2=-1 pin2=-1
[    0.569197] smpboot: CPU0: Intel(R) Core(TM) i7-8550U CPU @ 1.80GHz (family: 0x6, model: 0x8e, stepping: 0xa)
[    0.573865] Performance Events: unsupported p6 CPU model 142 no PMU driver, software events only.
[    0.591281] KVM setup paravirtual spinlock
[    0.593146] x86: Booting SMP configuration:
[    0.594315] .... node  #0, CPUs:      #1
[    0.595415] kvm-clock: cpu 1, msr 0:3ffe3041, secondary cpu clock
[    0.597895] mce: CPU supports 0 MCE banks
[    0.600550] x86: Booted up 1 node, 2 CPUs
[    0.601894] smpboot: Total of 2 processors activated (7968.00 BogoMIPS)
[    0.604162] devtmpfs: initialized
[    0.608012] evm: security.selinux
[    0.609151] evm: security.SMACK64
[    0.610154] evm: security.SMACK64EXEC
[    0.611206] evm: security.SMACK64TRANSMUTE
[    0.612356] evm: security.SMACK64MMAP
[    0.613529] evm: security.ima
[    0.614476] evm: security.capability
[    0.616188] clocksource: jiffies: mask: 0xffffffff max_cycles: 0xffffffff, max_idle_ns: 7645041785100000 ns
[    0.619427] futex hash table entries: 512 (order: 3, 32768 bytes)
[    0.621440] pinctrl core: initialized pinctrl subsystem
[    0.623401] RTC time:  8:44:08, date: 04/28/20
[    0.625207] NET: Registered protocol family 16
[    0.639062] cpuidle: using governor ladder
[    0.651662] cpuidle: using governor menu
[    0.653486] PCCT header not found.
[    0.655237] ACPI: bus type PCI registered
[    0.657536] acpiphp: ACPI Hot Plug PCI Controller Driver version: 0.5
[    0.660155] PCI: Using configuration type 1 for base access
[    0.676953] ACPI: Added _OSI(Module Device)
[    0.679066] ACPI: Added _OSI(Processor Device)
[    0.681515] ACPI: Added _OSI(3.0 _SCP Extensions)
[    0.684662] ACPI: Added _OSI(Processor Aggregator Device)
[    0.689543] ACPI: Executed 1 blocks of module-level executable AML code
[    0.696624] ACPI: Interpreter enabled
[    0.698374] ACPI: (supports S0 S5)
[    0.700467] ACPI: Using IOAPIC for interrupt routing
[    0.702885] PCI: Using host bridge windows from ACPI; if necessary, use "pci=nocrs" and report a bug
[    0.713845] ACPI: PCI Root Bridge [PCI0] (domain 0000 [bus 00-ff])
[    0.716403] acpi PNP0A03:00: _OSC: OS supports [ASPM ClockPM Segments MSI]
[    0.719603] acpi PNP0A03:00: _OSC: not requesting OS control; OS requires [ExtendedConfig ASPM ClockPM MSI]
[    0.723877] acpi PNP0A03:00: fail to add MMCONFIG information, can't access extended PCI configuration space under this bridge.
[    0.729067] PCI host bridge to bus 0000:00
[    0.730898] pci_bus 0000:00: root bus resource [io  0x0000-0x0cf7 window]
[    0.733493] pci_bus 0000:00: root bus resource [io  0x0d00-0xffff window]
[    0.736179] pci_bus 0000:00: root bus resource [mem 0x000a0000-0x000bffff window]
[    0.739391] pci_bus 0000:00: root bus resource [mem 0x40000000-0xfdffffff window]
[    0.742785] pci_bus 0000:00: root bus resource [bus 00-ff]
[    0.748577] pci 0000:00:01.1: legacy IDE quirk: reg 0x10: [io  0x01f0-0x01f7]
[    0.751270] pci 0000:00:01.1: legacy IDE quirk: reg 0x14: [io  0x03f6]
[    0.754354] pci 0000:00:01.1: legacy IDE quirk: reg 0x18: [io  0x0170-0x0177]
[    0.757094] pci 0000:00:01.1: legacy IDE quirk: reg 0x1c: [io  0x0376]
[    0.801558] pci 0000:00:07.0: quirk: [io  0x4000-0x403f] claimed by PIIX4 ACPI
[    0.804632] pci 0000:00:07.0: quirk: [io  0x4100-0x410f] claimed by PIIX4 SMB
[    0.815180] ACPI: PCI Interrupt Link [LNKA] (IRQs 5 9 10 *11)
[    0.819059] ACPI: PCI Interrupt Link [LNKB] (IRQs 5 9 *10 11)
[    0.822573] ACPI: PCI Interrupt Link [LNKC] (IRQs 5 *9 10 11)
[    0.826074] ACPI: PCI Interrupt Link [LNKD] (IRQs 5 9 10 *11)
[    0.829738] ACPI: Enabled 2 GPEs in block 00 to 07
[    0.832483] vgaarb: setting as boot device: PCI:0000:00:02.0
[    0.834872] vgaarb: device added: PCI:0000:00:02.0,decodes=io+mem,owns=io+mem,locks=none
[    0.838447] vgaarb: loaded
[    0.839906] vgaarb: bridge control possible 0000:00:02.0
[    0.842608] SCSI subsystem initialized
[    0.844561] ACPI: bus type USB registered
[    0.846413] usbcore: registered new interface driver usbfs
[    0.848808] usbcore: registered new interface driver hub
[    0.851052] usbcore: registered new device driver usb
[    0.853770] PCI: Using ACPI for IRQ routing
[    0.858748] NetLabel: Initializing
[    0.861221] NetLabel:  domain hash size = 128
[    0.863484] NetLabel:  protocols = UNLABELED CIPSOv4
[    0.865926] NetLabel:  unlabeled traffic allowed by default
[    0.868399] amd_nb: Cannot enumerate AMD northbridges
[    0.870696] clocksource: Switched to clocksource kvm-clock
[    0.887757] AppArmor: AppArmor Filesystem Enabled
[    0.889802] pnp: PnP ACPI init
[    0.892958] pnp: PnP ACPI: found 3 devices
[    0.915782] clocksource: acpi_pm: mask: 0xffffff max_cycles: 0xffffff, max_idle_ns: 2085701024 ns
[    0.919362] NET: Registered protocol family 2
[    0.921554] TCP established hash table entries: 8192 (order: 4, 65536 bytes)
[    0.924316] TCP bind hash table entries: 8192 (order: 5, 131072 bytes)
[    0.926729] TCP: Hash tables configured (established 8192 bind 8192)
[    0.929189] UDP hash table entries: 512 (order: 2, 16384 bytes)
[    0.931669] UDP-Lite hash table entries: 512 (order: 2, 16384 bytes)
[    0.934165] NET: Registered protocol family 1
[    0.936100] pci 0000:00:00.0: Limiting direct PCI/PCI transfers
[    0.938447] pci 0000:00:01.0: Activating ISA DMA hang workarounds
[    0.941075] Unpacking initramfs...
[    1.417794] Freeing initrd memory: 14872K
[    1.420254] clocksource: tsc: mask: 0xffffffffffffffff max_cycles: 0x396d54029a7, max_idle_ns: 881590429682 ns
[    1.424012] platform rtc_cmos: registered platform RTC device (no PNP device found)
[    1.426870] Scanning for low memory corruption every 60 seconds
[    1.429233] audit: initializing netlink subsys (disabled)
[    1.431151] audit: type=2000 audit(1588063454.465:1): initialized
[    1.433269] Initialise system trusted keyring
[    1.435001] HugeTLB registered 2 MB page size, pre-allocated 0 pages
[    1.438859] zbud: loaded
[    1.440386] VFS: Disk quotas dquot_6.6.0
[    1.441708] VFS: Dquot-cache hash table entries: 512 (order 0, 4096 bytes)
[    1.443868] squashfs: version 4.0 (2009/01/31) Phillip Lougher
[    1.445924] fuse init (API version 7.23)
[    1.447464] Key type big_key registered
[    1.448625] Allocating IMA MOK and blacklist keyrings.
[    1.453195] Key type asymmetric registered
[    1.454436] Asymmetric key parser 'x509' registered
[    1.456301] Block layer SCSI generic (bsg) driver version 0.4 loaded (major 249)
[    1.458963] io scheduler noop registered
[    1.460377] io scheduler deadline registered (default)
[    1.461834] io scheduler cfq registered
[    1.463085] pci_hotplug: PCI Hot Plug PCI Core version: 0.5
[    1.464633] pciehp: PCI Express Hot Plug Controller Driver version: 0.4
[    1.466735] ACPI: AC Adapter [AC] (off-line)
[    1.468119] input: Power Button as /devices/LNXSYSTM:00/LNXPWRBN:00/input/input0
[    1.470304] ACPI: Power Button [PWRF]
[    1.471580] input: Sleep Button as /devices/LNXSYSTM:00/LNXSLPBN:00/input/input1
[    1.474138] ACPI: Sleep Button [SLPF]
[    1.476784] ACPI: Battery Slot [BAT0] (battery present)
[    1.478252] GHES: HEST is not enabled!
[    1.479586] Serial: 8250/16550 driver, 32 ports, IRQ sharing enabled
[    1.502639] 00:02: ttyS0 at I/O 0x3f8 (irq = 4, base_baud = 115200) is a 16550A
[    1.507813] Linux agpgart interface v0.103
[    1.513254] loop: module loaded
[    1.516083] scsi host0: ata_piix
[    1.517927] scsi host1: ata_piix
[    1.519548] ata1: PATA max UDMA/33 cmd 0x1f0 ctl 0x3f6 bmdma 0xd000 irq 14
[    1.522147] ata2: PATA max UDMA/33 cmd 0x170 ctl 0x376 bmdma 0xd008 irq 15
[    1.525382] libphy: Fixed MDIO Bus: probed
[    1.527306] tun: Universal TUN/TAP device driver, 1.6
[    1.529545] tun: (C) 1999-2004 Max Krasnyansky <maxk@qualcomm.com>
[    1.532258] PPP generic driver version 2.4.2
[    1.534224] ehci_hcd: USB 2.0 'Enhanced' Host Controller (EHCI) Driver
[    1.536915] ehci-pci: EHCI PCI platform driver
[    1.538819] ehci-platform: EHCI generic platform driver
[    1.541003] ohci_hcd: USB 1.1 'Open' Host Controller (OHCI) Driver
[    1.543356] ohci-pci: OHCI PCI platform driver
[    1.545199] ohci-platform: OHCI generic platform driver
[    1.547296] uhci_hcd: USB Universal Host Controller Interface driver
[    1.549710] i8042: PNP: PS/2 Controller [PNP0303:PS2K,PNP0f03:PS2M] at 0x60,0x64 irq 1,12
[    1.554010] serio: i8042 KBD port at 0x60,0x64 irq 1
[    1.556160] serio: i8042 AUX port at 0x60,0x64 irq 12
[    1.558331] mousedev: PS/2 mouse device common for all mice
[    1.561490] rtc_cmos rtc_cmos: rtc core: registered rtc_cmos as rtc0
[    1.564378] rtc_cmos rtc_cmos: alarms up to one day, 114 bytes nvram
[    1.566940] input: AT Translated Set 2 keyboard as /devices/platform/i8042/serio0/input/input2
[    1.570630] i2c /dev entries driver
[    1.572532] device-mapper: uevent: version 1.0.3
[    1.574616] device-mapper: ioctl: 4.34.0-ioctl (2015-10-28) initialised: dm-devel@redhat.com
[    1.578240] ledtrig-cpu: registered to indicate activity on CPUs
[    1.581615] NET: Registered protocol family 10
[    1.583832] NET: Registered protocol family 17
[    1.585699] Key type dns_resolver registered
[    1.587927] registered taskstats version 1
[    1.589678] Loading compiled-in X.509 certificates
[    1.592954] Loaded X.509 cert 'Build time autogenerated kernel key: a048edf52b07f04005c7780de0f875c713550332'
[    1.596944] zswap: loaded using pool lzo/zbud
[    1.601952] Key type trusted registered
[    1.609454] Key type encrypted registered
[    1.611159] AppArmor: AppArmor sha1 policy hashing enabled
[    1.613353] ima: No TPM chip found, activating TPM-bypass!
[    1.615680] ima: Allocated hash algorithm: sha1
[    1.617782] evm: HMAC attrs: 0x1
[    1.620012]   Magic number: 0:623:726
[    1.621646]   hash matches /build/linux-OV4ZPD/linux-4.4.0/drivers/base/power/main.c:1168
[    1.625419] block loop6: hash matches
[    1.626975] rtc_cmos rtc_cmos: setting system clock to 2020-04-28 08:44:09 UTC (1588063449)
[    1.629595] BIOS EDD facility v0.16 2004-Jun-25, 0 devices found
[    1.631059] EDD information not available.
[    1.705685] Freeing unused kernel memory: 1488K
[    1.707151] Write protecting the kernel read-only data: 14336k
[    1.709469] Freeing unused kernel memory: 1604K
[    1.710998] Freeing unused kernel memory: 60K
Loading, please wait...
starting version 229
[    1.732191] random: systemd-udevd: uninitialized urandom read (16 bytes read, 3 bits of entropy available)
[    1.733022] random: udevadm: uninitialized urandom read (16 bytes read, 3 bits of entropy available)
[    1.733044] random: udevadm: uninitialized urandom read (16 bytes read, 3 bits of entropy available)
[    1.740669] random: systemd-udevd: uninitialized urandom read (16 bytes read, 3 bits of entropy available)
[    1.742767] random: udevadm: uninitialized urandom read (16 bytes read, 3 bits of entropy available)
[    1.742829] random: udevadm: uninitialized urandom read (16 bytes read, 3 bits of entropy available)
[    1.743019] random: udevadm: uninitialized urandom read (16 bytes read, 3 bits of entropy available)
[    1.743091] random: udevadm: uninitialized urandom read (16 bytes read, 3 bits of entropy available)
[    1.743158] random: udevadm: uninitialized urandom read (16 bytes read, 3 bits of entropy available)
[    1.743223] random: udevadm: uninitialized urandom read (16 bytes read, 3 bits of entropy available)
[    1.833749] Fusion MPT base driver 3.04.20
[    1.835772] Copyright (c) 1999-2008 LSI Corporation
[    1.845578] e1000: Intel(R) PRO/1000 Network Driver - version 7.3.21-k8-NAPI
[    1.848341] e1000: Copyright (c) 1999-2006 Intel Corporation.
[    1.890998] AVX2 version of gcm_enc/dec engaged.
[    1.892979] AES CTR mode by8 optimization enabled
[    1.895144] Fusion MPT SPI Host driver 3.04.20
[    2.064510] input: ImExPS/2 Generic Explorer Mouse as /devices/platform/i8042/serio1/input/input4
[    2.305230] e1000 0000:00:03.0 eth0: (PCI:33MHz:32-bit) 02:f4:cb:fd:67:72
[    2.307488] e1000 0000:00:03.0 eth0: Intel(R) PRO/1000 Network Connection
[    2.312813] e1000 0000:00:03.0 enp0s3: renamed from eth0
[    2.315196] mptbase: ioc0: Initiating bringup
[    2.379331] ioc0: LSI53C1030 A0: Capabilities={Initiator}
[    2.555390] scsi host2: ioc0: LSI53C1030 A0, FwRev=00000000h, Ports=1, MaxQ=256, IRQ=20
[    2.676971] scsi 2:0:0:0: Direct-Access     VBOX     HARDDISK         1.0  PQ: 0 ANSI: 5
[    2.683151] scsi target2:0:0: Beginning Domain Validation
[    2.691886] scsi target2:0:0: Domain Validation skipping write tests
[    2.696281] scsi target2:0:0: Ending Domain Validation
[    2.700629] scsi target2:0:0: asynchronous
[    2.705740] scsi 2:0:1:0: Direct-Access     VBOX     HARDDISK         1.0  PQ: 0 ANSI: 5
[    2.711630] scsi target2:0:1: Beginning Domain Validation
[    2.736262] scsi target2:0:1: Domain Validation skipping write tests
[    2.738032] scsi target2:0:1: Ending Domain Validation
[    2.739579] scsi target2:0:1: asynchronous
[    2.752506] sd 2:0:0:0: [sda] 20971520 512-byte logical blocks: (10.7 GB/10.0 GiB)
[    2.754855] sd 2:0:0:0: Attached scsi generic sg0 type 0
[    2.756806] sd 2:0:0:0: [sda] Write Protect is off
[    2.758578] sd 2:0:0:0: [sda] Incomplete mode parameter data
[    2.760502] sd 2:0:0:0: [sda] Assuming drive cache: write through
[    2.762484] sd 2:0:1:0: [sdb] 20480 512-byte logical blocks: (10.5 MB/10.0 MiB)
[    2.765061] sd 2:0:1:0: [sdb] Write Protect is off
[    2.766581] sd 2:0:1:0: Attached scsi generic sg1 type 0
[    2.768294] sd 2:0:1:0: [sdb] Incomplete mode parameter data
[    2.769702] sd 2:0:1:0: [sdb] Assuming drive cache: write through
[    2.771903]  sda: sda1
[    2.774443] sd 2:0:0:0: [sda] Attached SCSI disk
[    2.777691] sd 2:0:1:0: [sdb] Attached SCSI disk
Begin: Loading essential drivers ... [    4.373347] md: linear personality registered for level -1
[    4.380146] md: multipath personality registered for level -4
[    4.387466] md: raid0 personality registered for level 0
[    4.395968] md: raid1 personality registered for level 1
[    4.471467] raid6: sse2x1   gen()  4732 MB/s
[    4.538763] raid6: sse2x1   xor()  3913 MB/s
[    4.607102] raid6: sse2x2   gen()  6334 MB/s
[    4.674940] raid6: sse2x2   xor()  4307 MB/s
[    4.743471] raid6: sse2x4   gen()  7216 MB/s
[    4.811417] raid6: sse2x4   xor()  5162 MB/s
[    4.878785] raid6: avx2x1   gen() 10243 MB/s
[    4.946746] raid6: avx2x2   gen() 11957 MB/s
[    5.014825] raid6: avx2x4   gen() 17742 MB/s
[    5.016208] raid6: using algorithm avx2x4 gen() 17742 MB/s
[    5.018148] raid6: using avx2x2 recovery algorithm
[    5.021432] xor: automatically using best checksumming function:
[    5.058805]    avx       : 11192.000 MB/sec
[    5.062769] async_tx: api initialized (async)
[    5.084078] md: raid6 personality registered for level 6
[    5.086396] md: raid5 personality registered for level 5
[    5.088955] md: raid4 personality registered for level 4
[    5.101992] md: raid10 personality registered for level 10
done.
Begin: Running /scripts/init-premount ... done.
Begin: Mounting root file system ... Begin: Running /scripts/local-top ... done.
Begin: Running /scripts/local-premount ... [    5.160445] Btrfs loaded
Scanning for Btrfs filesystems
done.
Warning: fsck not present, so skipping root file system
[    5.217622] EXT4-fs (sda1): mounted filesystem with ordered data mode. Opts: (null)
done.
Begin: Running /scripts/local-bottom ... done.
Begin: Running /scripts/init-bottom ... done.
[    5.427213] systemd[1]: systemd 229 running in system mode. (+PAM +AUDIT +SELINUX +IMA +APPARMOR +SMACK +SYSVINIT +UTMP +LIBCRYPTSETUP +GCRYPT +GNUTLS +ACL +XZ -LZ4 +SECCOMP +BLKID +ELFUTILS +KMOD -IDN)
[    5.444849] systemd[1]: Detected virtualization oracle.
[    5.449213] systemd[1]: Detected architecture x86-64.

Welcome to [1mUbuntu 16.04.6 LTS[0m!

[    5.464830] systemd[1]: Set hostname to <ubuntu>.
[    5.474111] systemd[1]: Initializing machine ID from random generator.
[    5.478944] systemd[1]: Installed transient /etc/machine-id file.
[    5.846418] systemd[1]: Reached target Swap.
[[0;32m  OK  [0m] Reached target Swap.
[    5.852422] systemd[1]: Set up automount Arbitrary Executable File Formats File System Automount Point.
[[0;32m  OK  [0m] Set up automount Arbitrary Executab...ats File System Automount Point.
[    5.862279] systemd[1]: Listening on Syslog Socket.
[[0;32m  OK  [0m] Listening on Syslog Socket.
[    5.867918] systemd[1]: Started Trigger resolvconf update for networkd DNS.
[[0;32m  OK  [0m] Started Trigger resolvconf update for networkd DNS.
[    5.875189] systemd[1]: Listening on udev Kernel Socket.
[[0;32m  OK  [0m] Listening on udev Kernel Socket.
[    5.881008] systemd[1]: Listening on /dev/initctl Compatibility Named Pipe.
[[0;32m  OK  [0m] Listening on /dev/initctl Compatibility Named Pipe.
[    5.888600] systemd[1]: Listening on LVM2 poll daemon socket.
[[0;32m  OK  [0m] Listening on LVM2 poll daemon socket.
[    5.894746] systemd[1]: Reached target Encrypted Volumes.
[[0;32m  OK  [0m] Reached target Encrypted Volumes.
[    5.901252] systemd[1]: Listening on udev Control Socket.
[[0;32m  OK  [0m] Listening on udev Control Socket.
[    5.915313] systemd[1]: Reached target System Time Synchronized.
[[0;32m  OK  [0m] Reached target System Time Synchronized.
[    5.927212] systemd[1]: Listening on Device-mapper event daemon FIFOs.
[[0;32m  OK  [0m] Listening on Device-mapper event daemon FIFOs.
[    5.934584] systemd[1]: Created slice User and Session Slice.
[[0;32m  OK  [0m] Created slice User and Session Slice.
[    5.941027] systemd[1]: Listening on Journal Socket (/dev/log).
[[0;32m  OK  [0m] Listening on Journal Socket (/dev/log).
[    5.947850] systemd[1]: Reached target User and Group Name Lookups.
[[0;32m  OK  [0m] Reached target User and Group Name Lookups.
[    5.954986] systemd[1]: Started Forward Password Requests to Wall Directory Watch.
[[0;32m  OK  [0m] Started Forward Password Requests to Wall Directory Watch.
[    5.963763] systemd[1]: Created slice System Slice.
[[0;32m  OK  [0m] Created slice System Slice.
[    5.969475] systemd[1]: Reached target Slices.
[[0;32m  OK  [0m] Reached target Slices.
[    5.975784] systemd[1]: Created slice system-serial\x2dgetty.slice.
[[0;32m  OK  [0m] Created slice system-serial\x2dgetty.slice.
[    5.980997] systemd[1]: Listening on LVM2 metadata daemon socket.
[[0;32m  OK  [0m] Listening on LVM2 metadata daemon socket.
[    5.985443] systemd[1]: Listening on Journal Audit Socket.
[[0;32m  OK  [0m] Listening on Journal Audit Socket.
[    5.989381] systemd[1]: Listening on Journal Socket.
[[0;32m  OK  [0m] Listening on Journal Socket.
[    6.007184] systemd[1]: Mounting POSIX Message Queue File System...
         Mounting POSIX Message Queue File System...
[    6.022117] systemd[1]: Starting Load Kernel Modules...
         Starting Load Kernel Modules...
[    6.027457] systemd[1]: Starting Monitoring of LVM2 mirrors, snapshots etc. using dmeventd or progress polling...
         Starting Monitoring of LVM2 mirrors... dmeventd or progress polling...
[    6.035019] systemd[1]: Starting Remount Root and Kernel File Systems...
         Starting Remount Root and Kernel File Systems...
[    6.041186] Loading iSCSI transport class v2.0-870.
[    6.043118] systemd[1]: Starting Journal Service...
         Starting Journal Service...
[    6.046393] systemd[1]: Starting Uncomplicated firewall...
         Starting Uncomplicated firewall...
[    6.056231] EXT4-fs (sda1): re-mounted. Opts: (null)
[    6.059284] iscsi: registered transport (tcp)
[    6.059922] systemd[1]: Starting Nameserver information manager...
         Starting Nameserver information manager...
[    6.074019] systemd[1]: Starting Set console keymap...
         Starting Set console keymap...
[    6.077585] systemd[1]: Starting Create list of required static device nodes for the current kernel...
         Starting Create list of required st... nodes for the current kernel...
[    6.082216] systemd[1]: Mounting Huge Pages File System...
         Mounting Huge Pages File System...
[    6.087679] systemd[1]: Mounting Debug File System...
         Mounting Debug File System...
[    6.093060] systemd[1]: Mounted POSIX Message Queue File System.
[[0;32m  OK  [0m] Mounted POSIX Message Queue File System.
[    6.102963] systemd[1]: Mounted Huge Pages File System.
[[0;32m  OK  [0m] Mounted Huge Pages File System.
[    6.106480] systemd[1]: Mounted Debug File System.
[[0;32m  OK  [0m] Mounted Debug File System.
[    6.109867] systemd[1]: Started Remount Root and Kernel File Systems.
[[0;32m  OK  [0m] Started Remount Root and Kernel File Systems.
[    6.113522] systemd[1]: Started Uncomplicated firewall.
[[0;32m  OK  [0m] Started Uncomplicated firewall.
[    6.127809] systemd[1]: Started Create list of required static device nodes for the current kernel.
[[0;32m  OK  [0m] Started Create list of required sta...ce nodes for the current kernel.
[    6.132834] systemd[1]: Started Nameserver information manager.
[[0;32m  OK  [0m] Started Nameserver information manager.
[    6.137953] systemd[1]: Started Journal Service.
[    6.142058] iscsi: registered transport (iser)
[[0;32m  OK  [0m] Started Journal Service.
[[0;32m  OK  [0m] Started LVM2 metadata daemon.
         Starting Create Static Device Nodes in /dev...
         Starting udev Coldplug all Devices...
         Starting Flush Journal to Persistent Storage...
         Starting Load/Save Random Seed...
[[0;32m  OK  [0m] Started Load Kernel Modules.
[[0;32m  OK  [0m] Started Set console keymap.
         Mounting FUSE Control File System...
         Starting Apply Kernel Variables...
[[0;32m  OK  [0m] Mounted FUSE Control File System.
[[0;32m  OK  [0m] Started Load/Save Random Seed.
[    6.183016] systemd-journald[377]: Received request to flush runtime journal from PID 1
[[0;32m  OK  [0m] Started Flush Journal to Persistent Storage.
[[0;32m  OK  [0m] Started Apply Kernel Variables.
[[0;32m  OK  [0m] Started Create Static Device Nodes in /dev.
         Starting udev Kernel Device Manager...
[[0;32m  OK  [0m] Started udev Coldplug all Devices.
[[0;32m  OK  [0m] Started udev Kernel Device Manager.
[[0;32m  OK  [0m] Started Dispatch Password Requests to Console Directory Watch.
[[0;32m  OK  [0m] Started Monitoring of LVM2 mirrors,...ng dmeventd or progress polling.
[[0;32m  OK  [0m] Reached target Local File Systems (Pre).
[[0;32m  OK  [0m] Reached target Local File Systems.
         Starting LSB: AppArmor initialization...
         Starting Commit a transient machine-id on disk...
         Starting Create Volatile Files and Directories...
         Starting Initial cloud-init job (pre-networking)...
         Starting Set console font and keymap...
         Starting Tell Plymouth To Write Out Runtime Data...
[[0;32m  OK  [0m] Started Commit a transient machine-id on disk.
[[0;32m  OK  [0m] Started Tell Plymouth To Write Out Runtime Data.
[[0;32m  OK  [0m] Started Create Volatile Files and Directories.
         Starting Update UTMP about System Boot/Shutdown...
[[0;32m  OK  [0m] Started Update UTMP about System Boot/Shutdown.
[[0;32m  OK  [0m] Found device /dev/ttyS0.
[[0;32m  OK  [0m] Listening on Load/Save RF Kill Switch Status /dev/rfkill Watch.
[    8.193318] cloud-init[498]: Cloud-init v. 19.4-33-gbb4131a2-0ubuntu1~16.04.1 running 'init-local' at Tue, 28 Apr 2020 08:44:15 +0000. Up 7.56 seconds.
[[0;32m  OK  [0m] Started LSB: AppArmor initialization.
[[0;32m  OK  [0m] Started Initial cloud-init job (pre-networking).
[[0;32m  OK  [0m] Reached target Network (Pre).
         Starting Raise network interfaces...
[[0;32m  OK  [0m] Started Set console font and keymap.
[[0;32m  OK  [0m] Created slice system-getty.slice.
[[0;32m  OK  [0m] Started Raise network interfaces.
         Starting Initial cloud-init job (metadata service crawler)...
[[0;32m  OK  [0m] Reached target Network.
[   10.993709] cloud-init[955]: Cloud-init v. 19.4-33-gbb4131a2-0ubuntu1~16.04.1 running 'init' at Tue, 28 Apr 2020 08:44:18 +0000. Up 9.83 seconds.
[   10.996466] cloud-init[955]: ci-info: ++++++++++++++++++++++++++++++++++++++Net device info++++++++++++++++++++++++++++++++++++++
[   10.999013] cloud-init[955]: ci-info: +--------+------+----------------------------+---------------+--------+-------------------+
[   11.001524] cloud-init[955]: ci-info: | Device |  Up  |          Address           |      Mask     | Scope  |     Hw-Address    |
[   11.003749] cloud-init[955]: ci-info: +--------+------+----------------------------+---------------+--------+-------------------+
[   11.006078] cloud-init[955]: ci-info: | enp0s3 | True |         10.0.2.15          | 255.255.255.0 | global | 02:f4:cb:fd:67:72 |
[   11.008633] cloud-init[955]: ci-info: | enp0s3 | True | fe80::f4:cbff:fefd:6772/64 |       .       |  link  | 02:f4:cb:fd:67:72 |
[   11.011005] cloud-init[955]: ci-info: |   lo   | True |         127.0.0.1          |   255.0.0.0   |  host  |         .         |
[   11.013166] cloud-init[955]: ci-info: |   lo   | True |          ::1/128           |       .       |  host  |         .         |
[   11.015791] cloud-init[955]: ci-info: +--------+------+----------------------------+---------------+--------+-------------------+
[   11.024554] cloud-init[955]: ci-info: +++++++++++++++++++++++++++Route IPv4 info++++++++++++++++++++++++++++
[   11.032552] cloud-init[955]: ci-info: +-------+-------------+----------+---------------+-----------+-------+
[   11.041022] cloud-init[955]: ci-info: | Route | Destination | Gateway  |    Genmask    | Interface | Flags |
[   11.043195] cloud-init[955]: ci-info: +-------+-------------+----------+---------------+-----------+-------+
[   11.052702] cloud-init[955]: ci-info: |   0   |   0.0.0.0   | 10.0.2.2 |    0.0.0.0    |   enp0s3  |   UG  |
[   11.054920] cloud-init[955]: ci-info: |   1   |   10.0.2.0  | 0.0.0.0  | 255.255.255.0 |   enp0s3  |   U   |
[   11.057253] cloud-init[955]: ci-info: +-------+-------------+----------+---------------+-----------+-------+
[   11.064577] cloud-init[955]: ci-info: +++++++++++++++++++Route IPv6 info+++++++++++++++++++
[   11.066564] cloud-init[955]: ci-info: +-------+-------------+---------+-----------+-------+
[   11.068563] cloud-init[955]: ci-info: | Route | Destination | Gateway | Interface | Flags |
[   11.076654] cloud-init[955]: ci-info: +-------+-------------+---------+-----------+-------+
[   11.084908] cloud-init[955]: ci-info: |   0   |  fe80::/64  |    ::   |   enp0s3  |   U   |
[[0;32m  OK  [0m] Started Initial cloud-init job (metadata service crawler).
[   11.085279] cloud-init[955]: ci-info: |   3   |   ff00::/8  |    ::   |   enp0s3  |   U   |
[   11.086258] cloud-init[955]: ci-info: +-------+-------------+---------+-----------+-------+
[   11.086924] cloud-init[955]: Generating public/private rsa key pair.
[   11.087661] cloud-init[955]: Your identification has been saved in /etc/ssh/ssh_host_rsa_key.
[   11.087958] cloud-init[955]: Your public key has been saved in /etc/ssh/ssh_host_rsa_key.pub.
[   11.094006] cloud-init[955]: The key fingerprint is:
[   11.094434] cloud-init[955]: SHA256:qWjmBke4n24mOwYDTZCduX/TgWm6Z0mRaZnt4tHQWis root@ubuntu-xenial
[[0;32m  OK  [0m] Reached target Cloud-config availability.
[   11.094527] cloud-init[955]: The key's randomart image is:
[   11.097955] cloud-init[955]: +---[RSA 2048]----+
[   11.098035] cloud-init[955]: |.+ o             |
[   11.098678] cloud-init[955]: |. =              |
[   11.099186] cloud-init[955]: | o o   X         |
[   11.099520] cloud-init[955]: |. + . % =.       |
[   11.099865] cloud-init[955]: |.  + + OSo       |
[[0;32m  OK  [0m] Reached target Network is Online.
[   11.100264] cloud-init[955]: |o o +.E.=        |
[   11.100621] cloud-init[955]: | o ++*.*         |
[   11.101153] cloud-init[955]: |  ++B =          |
[   11.101227] cloud-init[955]: | ..Ooo           |
[   11.101570] cloud-init[955]: +----[SHA256]-----+
[   11.101716] cloud-init[955]: Generating public/private dsa key pair.
[   11.102229] cloud-init[955]: Your identification has been saved in /etc/ssh/ssh_host_dsa_key.
[   11.102580] cloud-init[955]: Your public key has been saved in /etc/ssh/ssh_host_dsa_key.pub.
[   11.103064] cloud-init[955]: The key fingerprint is:
[   11.103462] cloud-init[955]: SHA256:vXAMFFVxEFVXCDpcNECWYqHtzPo7C9Z+y+yZrvUDN6Y root@ubuntu-xenial
[   11.103534] cloud-init[955]: The key's randomart image is:
[   11.121339] cloud-init[955]: +---[DSA 1024]----+
[   11.129617] cloud-init[955]: |        +===X*oo=|
[   11.130061] cloud-init[955]: |       +oo.o o. .|
         Starting iSCSI initiator daemon (iscsid)...
[[0;32m  OK  [0m] Reached target System Initialization.
[[0;32m  OK  [0m] Started Message of the Day.
[[0;32m  OK  [0m] Listening on D-Bus System Message Bus Socket.
[   11.130153] cloud-init[955]: |      ..o.+      |
[   11.166429] cloud-init[955]: |       + + .     |
[[0;32m  OK  [0m] Started ACPI Events Check.
[[0;32m  OK  [0m] Reached target Paths.
[[0;32m  OK  [0m] Started Daily Cleanup of Temporary Directories.
[[0;32m  OK  [0m] Listening on UUID daemon activation socket.
[   11.170370] cloud-init[955]: |        S +      |
         Starting LXD - unix socket.
         Starting Socket activation for snappy daemon.
[[0;32m  OK  [0m] Listening on ACPID Listen Socket.
[[0;32m  OK  [0m] Started Daily apt download activities.
[[0;32m  OK  [0m] Started Daily apt upgrade and clean activities.
[[0;32m  OK  [0m] Reached target Timers.
[   11.179794] cloud-init[955]: |       o o..+    |
[   11.192958] cloud-init[955]: |      + . o= .   |
[   11.200359] cloud-init[955]: |     . +.+E+.    |
[   11.201724] cloud-init[955]: |        *OO...   |
[[0;32m  OK  [0m] Listening on LXD - unix socket.
[   11.205562] cloud-init[955]: +----[SHA256]-----+
[   11.207701] cloud-init[955]: Generating public/private ecdsa key pair.
[   11.208292] cloud-init[955]: Your identification has been saved in /etc/ssh/ssh_host_ecdsa_key.
[   11.208396] cloud-init[955]: Your public key has been saved in /etc/ssh/ssh_host_ecdsa_key.pub.
[   11.208964] cloud-init[955]: The key fingerprint is:
[   11.209360] cloud-init[955]: SHA256:CR6dpOMUXqEsUoa10Tae17VIEbdEEVVmtNEMxXwz2gA root@ubuntu-xenial
[   11.209863] cloud-init[955]: The key's randomart image is:
[   11.210297] cloud-init[955]: +---[ECDSA 256]---+
[   11.210633] cloud-init[955]: |   o=.. +.oEB+oXB|
[[0;32m  OK  [0m] Listening on Socket activation for snappy daemon.
[   11.210698] cloud-init[955]: |  .o =+B ..o.o =O|
[   11.216483] cloud-init[955]: |  . ooXooo o..+.+|
[[0;32m  OK  [0m] Started iSCSI initiator daemon (iscsid).
[   11.216982] cloud-init[955]: |   . =o+..o .. . |
[   11.219462] cloud-init[955]: |      o.S        |
[   11.220474] cloud-init[955]: |                 |
[   11.221454] cloud-init[955]: |                 |
[   11.222798] cloud-init[955]: |                 |
         Starting Login to default iSCSI targets...
[[0;32m  OK  [0m] Reached target Sockets.
[[0;32m  OK  [0m] Reached target Basic System.
[   11.228172] cloud-init[955]: |                 |
[   11.246848] cloud-init[955]: +----[SHA256]-----+
[   11.248208] cloud-init[955]: Generating public/private ed25519 key pair.
[   11.249730] cloud-init[955]: Your identification has been saved in /etc/ssh/ssh_host_ed25519_key.
[   11.252176] cloud-init[955]: Your public key has been saved in /etc/ssh/ssh_host_ed25519_key.pub.
[   11.254733] cloud-init[955]: The key fingerprint is:
[   11.258642] [[0;32m  OK  [0m] Started FUSE filesystem for LXC.
cloud-init[955]: SHA256:Hk4mSBMLXp2TsgubGDD10d0ykVWDvz1PN4qo+3jTqvw root@ubuntu-xenial
[   11.260926]          Starting Virtualbox guest utils...
cloud-init[955]: The key's randomart image is:
         Starting LSB: MD monitoring daemon...
[   11.266739] cloud-init[955]: +--[ED25519 256]--+
         Starting /etc/rc.local Compatibility...
[[0;32m  OK  [0m] Started D-Bus System Message Bus.
[   11.273036] cloud-init[955]: | .o +o +.=.oo    |
[   11.277370] cloud-init[955]: |o. +.+* = o  .   |
[   11.284034] cloud-init[955]: |... =o . o .     |
[   11.285505] cloud-init[955]: |. ...o      .    |
[   11.286857] cloud-init[955]: | o +... S    o   |
[   11.288086] cloud-init[955]: |. o .  * .  . o.o|
[   11.289269] cloud-init[955]: |        o o . .+o|
[   11.290443] cloud-init[955]: |      . .+ o .  .|
[   11.291939] cloud-init[955]: |       *BEo      |
[   11.293147] cloud-init[955]: +----[SHA256]-----+
         Starting Login Service...
         Starting LSB: Record successful boot for GRUB...
         Starting Accounts Service...
         Starting Snappy daemon...
[[0;32m  OK  [0m] Started Deferred execution scheduler.
         Starting System Logging Service...
         Starting Pollinate to seed the pseudo random number generator...
[[0;32m  OK  [0m] Started Regular background program processing daemon.
         Starting LXD - container startup/shutdown...
[[0;32m  OK  [0m] Started ACPI event daemon.
[[0;32m  OK  [0m] Started /etc/rc.local Compatibility.
[[0;32m  OK  [0m] Started System Logging Service.
[[0;32m  OK  [0m] Started LSB: MD monitoring daemon.
[[0;32m  OK  [0m] Started Login to default iSCSI targets.
[[0;32m  OK  [0m] Started Login Service.
[[0;32m  OK  [0m] Started Unattended Upgrades Shutdown.
[[0;32m  OK  [0m] Reached target Remote File Systems (Pre).
[[0;32m  OK  [0m] Reached target Remote File Systems.
         Starting LSB: Set the CPU Frequency Scaling governor to "ondemand"...
         Starting Permit User Sessions...
         Starting LSB: automatic crash report generation...
         Starting LSB: daemon to balance interrupts for SMP systems...
[[0;32m  OK  [0m] Started LSB: Record successful boot for GRUB.
[[0;32m  OK  [0m] Started Permit User Sessions.
         Starting Authenticate and Authorize Users to Run Privileged Tasks...
         Starting Terminate Plymouth Boot Screen...
         Starting Hold until boot process finishes up...
[[0;32m  OK  [0m] Started Hold until boot process finishes up.
[[0;32m  OK  [0m] Started Terminate Plymouth Boot Screen.
         Starting Set console scheme...
[[0;32m  OK  [0m] Started Getty on tty1.
[[0;32m  OK  [0m] Started Serial Getty on ttyS0.
[[0;32m  OK  [0m] Reached target Login Prompts.
[[0;32m  OK  [0m] Started LSB: Set the CPU Frequency Scaling governor to "ondemand".
[[0;32m  OK  [0m] Started Set console scheme.
[[0;32m  OK  [0m] Started Authenticate and Authorize Users to Run Privileged Tasks.
[[0;32m  OK  [0m] Started LSB: automatic crash report generation.
[[0;32m  OK  [0m] Started Accounts Service.
[[0;32m  OK  [0m] Started Virtualbox guest utils.
[[0;32m  OK  [0m] Started LSB: daemon to balance interrupts for SMP systems.
[[0;32m  OK  [0m] Started LXD - container startup/shutdown.
[[0;32m  OK  [0m] Started Snappy daemon.
         Starting Wait until snapd is fully seeded...
[[0;32m  OK  [0m] Started Pollinate to seed the pseudo random number generator.
         Starting OpenBSD Secure Shell server...
[[0;32m  OK  [0m] Started OpenBSD Secure Shell server.
[[0;32m  OK  [0m] Created slice User Slice of vagrant.
         Starting User Manager for UID 1000...
[[0;32m  OK  [0m] Started Session 1 of user vagrant.
[[0;32m  OK  [0m] Started User Manager for UID 1000.
[[0;32m  OK  [0m] Started Wait until snapd is fully seeded.
[[0;32m  OK  [0m] Reached target Multi-User System.
[[0;32m  OK  [0m] Reached target Graphical Interface.
         Starting Update UTMP about System Runlevel Changes...
         Starting Apply the settings specified in cloud-config...
[[0;32m  OK  [0m] Started Update UTMP about System Runlevel Changes.
[   13.796060] cloud-init[1385]: Generating locales (this might take a while)...
[   15.188463] cloud-init[1385]:   en_US.UTF-8... done
[   15.196763] cloud-init[1385]: Generation complete.
[   15.631352] cloud-init[1385]: Cloud-init v. 19.4-33-gbb4131a2-0ubuntu1~16.04.1 running 'modules:config' at Tue, 28 Apr 2020 08:44:21 +0000. Up 13.61 seconds.
[[0;32m  OK  [0m] Started Apply the settings specified in cloud-config.
         Starting Execute cloud user/final scripts...
ci-info: no authorized SSH keys fingerprints found for user ubuntu.
<14>Apr 28 08:44:24 ec2: 
<14>Apr 28 08:44:24 ec2: #############################################################
<14>Apr 28 08:44:24 ec2: -----BEGIN SSH HOST KEY FINGERPRINTS-----
<14>Apr 28 08:44:24 ec2: 1024 SHA256:vXAMFFVxEFVXCDpcNECWYqHtzPo7C9Z+y+yZrvUDN6Y root@ubuntu-xenial (DSA)
<14>Apr 28 08:44:24 ec2: 256 SHA256:CR6dpOMUXqEsUoa10Tae17VIEbdEEVVmtNEMxXwz2gA root@ubuntu-xenial (ECDSA)
<14>Apr 28 08:44:24 ec2: 256 SHA256:Hk4mSBMLXp2TsgubGDD10d0ykVWDvz1PN4qo+3jTqvw root@ubuntu-xenial (ED25519)
<14>Apr 28 08:44:24 ec2: 2048 SHA256:qWjmBke4n24mOwYDTZCduX/TgWm6Z0mRaZnt4tHQWis root@ubuntu-xenial (RSA)
<14>Apr 28 08:44:24 ec2: -----END SSH HOST KEY FINGERPRINTS-----
<14>Apr 28 08:44:24 ec2: #############################################################
-----BEGIN SSH HOST KEY KEYS-----
ecdsa-sha2-nistp256 AAAAE2VjZHNhLXNoYTItbmlzdHAyNTYAAAAIbmlzdHAyNTYAAABBBPaITr6t8wij5vz4Hl42ojQVJJEDvtI/DWUmbT87qEILFM9ymmV6jTH5QDeBbuK494BhLE5m0686EmHaMRocyUo= root@ubuntu-xenial
ssh-ed25519 AAAAC3NzaC1lZDI1NTE5AAAAIBwF1m2nI3DnHySoqVNj2qe7K50G2WqnRMsJYm6GC65n root@ubuntu-xenial
ssh-rsa AAAAB3NzaC1yc2EAAAADAQABAAABAQDVHEgvprarvYxtY8w31JRpxJ2UlVA1N5u1VvRB3rU/w75EL7ooGoPQpm7ob59smcLAqh5XhvDmyqAytrn5odiVoujStCQaV5KgKIILkUqa6p0FrhMBqsjmlWnjdDtH0GeYn8/Zp0DmH3qlMKYuhNAOS9965Pcwrd6ws7JcO0DXjiXVqO5DxPgvRQWu1IAmz52/fh9tKZ2/tFStQBHLWndzU2T7Tkt+n4OKsuAC12FOc35MchyMahohbXgwR1kJaiIEanN2+4Qws3vVHMT4JLxf23FoAtjLTvW+6wBzeFxuuXjPmWxvYrN1ZYIh2o4y2bp+jdzXO7MXEFsDxlot4gLB root@ubuntu-xenial
-----END SSH HOST KEY KEYS-----
[   16.383595] cloud-init[1550]: Cloud-init v. 19.4-33-gbb4131a2-0ubuntu1~16.04.1 running 'modules:final' at Tue, 28 Apr 2020 08:44:24 +0000. Up 16.14 seconds.
[   16.386643] cloud-init[1550]: ci-info: no authorized SSH keys fingerprints found for user ubuntu.
[   16.396969] cloud-init[1550]: Cloud-init v. 19.4-33-gbb4131a2-0ubuntu1~16.04.1 finished at Tue, 28 Apr 2020 08:44:24 +0000. Datasource DataSourceNoCloud [seed=/dev/sdb][dsmode=net].  Up 16.36 seconds
[[0;32m  OK  [0m] Started Execute cloud user/final scripts.
[[0;32m  OK  [0m] Reached target Cloud-init target.

Ubuntu 16.04.6 LTS ubuntu-xenial ttyS0

ubuntu-xenial login: 